[08/24/2022 09:55:44] Debug: Session id: d5e4d028-20a1-4c52-b842-5ceea5784636
[08/24/2022 09:55:44] Debug: Code Processor information: Name :SnowConvert, Version: 7.11.102.0
[08/24/2022 09:55:45] Debug: Getting license
[08/24/2022 09:55:45] Debug: License information
	Status: Failed
	Message: No active license available.
[08/24/2022 09:55:45] Info: Starting to validate parameters
[08/24/2022 09:55:45] Info: Parameters to validate: 
	Execution mode: Conversion
	LICENSE_KEY: a3372138-b87e-4a08-b929-3b48b24c63f1
[08/24/2022 09:55:45] Info: Validation of parameters: Success
[08/24/2022 09:55:45] Debug: Getting code descriptor
[08/24/2022 09:55:45] Debug: Code descriptor information
	Units: 51
	Units type: LOC
	All file bytes: 2141
	All found extensions: .sql,.dml,.ddl,.bteq,.btq,.fl,.fload,.ml,.mload,.mld,.tp,.tpump,.tpt
[08/24/2022 09:55:45] Debug: Calculating fingerprint
[08/24/2022 09:55:45] Debug: Fingerprint information Fingerprint(size=2141,projects=1)
[08/24/2022 09:55:45] Info: Starting to try to validate online license for execution
[08/24/2022 09:55:49] Debug: Getting license
[08/24/2022 09:55:49] Debug: License information
	Status: Failed
	Message: No active license available.
[08/24/2022 09:55:49] Debug: Starting the execution of the controller
[08/24/2022 09:55:52] Debug: Executing the worker: SnowConvert
[08/24/2022 09:56:04] Debug: Finished executing the worker: SnowConvert
[08/24/2022 09:56:06] Info: Controller execution ended
